<?xml version="1.0" encoding="UTF-8"?>
<!-- Generated by org.testng.reporters.JUnitReportReporter -->
<testsuite skipped="0" hostname="DESKTOP-N0HDQ0C" name="burlington.SmokeTest" tests="1" failures="0" timestamp="05 Nov 2019 21:02:15 GMT" time="11.248" errors="0">
  <testcase name="burlingtonTitleUrlLogo" time="11.248" classname="burlington.SmokeTest"/>
</testsuite> <!-- burlington.SmokeTest -->
